#
# There is insufficient memory for the Java Runtime Environment to continue.
# Native memory allocation (malloc) failed to allocate 32744 bytes for ChunkPool::allocate
# Possible reasons:
#   The system is out of physical RAM or swap space
#   In 32 bit mode, the process size limit was hit
# Possible solutions:
#   Reduce memory load on the system
#   Increase physical memory or swap space
#   Check if swap backing store is full
#   Use 64 bit Java on a 64 bit OS
#   Decrease Java heap size (-Xmx/-Xms)
#   Decrease number of Java threads
#   Decrease Java thread stack sizes (-Xss)
#   Set larger code cache with -XX:ReservedCodeCacheSize=
# This output file may be truncated or incomplete.
#
#  Out of Memory Error (allocation.cpp:273), pid=12312, tid=0x0000000000005690
#
# JRE version: OpenJDK Runtime Environment (8.0_112-b06) (build 1.8.0_112-release-b06)
# Java VM: OpenJDK 64-Bit Server VM (25.112-b06 mixed mode windows-amd64 compressed oops)
# Failed to write core dump. Minidumps are not enabled by default on client versions of Windows
#

---------------  T H R E A D  ---------------

Current thread (0x00000000152bd800):  JavaThread "C1 CompilerThread2" daemon [_thread_in_native, id=22160, stack(0x0000000016eb0000,0x0000000016fb0000)]

Stack: [0x0000000016eb0000,0x0000000016fb0000]
[error occurred during error reporting (printing stack bounds), id 0xc0000005]

Native frames: (J=compiled Java code, j=interpreted, Vv=VM code, C=native code)


Current CompileTask:
C1:    824   75       3       sun.nio.cs.UTF_8$Decoder::decode (779 bytes)


---------------  P R O C E S S  ---------------

Java Threads: ( => current thread )
  0x0000000016ab6000 JavaThread "Service Thread" daemon [_thread_blocked, id=16556, stack(0x0000000016fb0000,0x00000000170b0000)]
=>0x00000000152bd800 JavaThread "C1 CompilerThread2" daemon [_thread_in_native, id=22160, stack(0x0000000016eb0000,0x0000000016fb0000)]
  0x000000001525a000 JavaThread "C2 CompilerThread1" daemon [_thread_blocked, id=28220, stack(0x00000000169b0000,0x0000000016ab0000)]
  0x0000000015269800 JavaThread "C2 CompilerThread0" daemon [_thread_blocked, id=26128, stack(0x00000000168b0000,0x00000000169b0000)]
  0x0000000015268000 JavaThread "Attach Listener" daemon [_thread_blocked, id=28496, stack(0x00000000167b0000,0x00000000168b0000)]
  0x0000000002b8e800 JavaThread "Signal Dispatcher" daemon [_thread_blocked, id=17940, stack(0x00000000166b0000,0x00000000167b0000)]
  0x0000000002b86000 JavaThread "Finalizer" daemon [_thread_blocked, id=23904, stack(0x00000000164c0000,0x00000000165c0000)]
  0x0000000002b80800 JavaThread "Reference Handler" daemon [_thread_blocked, id=16348, stack(0x00000000163c0000,0x00000000164c0000)]
  0x0000000002a92800 JavaThread "main" [_thread_in_vm, id=22272, stack(0x00000000028a0000,0x00000000029a0000)]

Other Threads:
  0x0000000015226000 VMThread [stack: 0x00000000162c0000,0x00000000163c0000] [id=15312]
  0x0000000016ab7800 WatcherThread [stack: 0x00000000170b0000,0x00000000171b0000] [id=9120]

VM state:not at safepoint (normal execution)

VM Mutex/Monitor currently owned by a thread:  ([mutex/lock_event])
[0x0000000002a8c660] AdapterHandlerLibrary_lock - owner thread: 0x0000000002a92800

Heap:
 PSYoungGen      total 28672K, used 2037K [0x00000000eab00000, 0x00000000ecb00000, 0x0000000100000000)
  eden space 24576K, 8% used [0x00000000eab00000,0x00000000eacfd610,0x00000000ec300000)
  from space 4096K, 0% used [0x00000000ec700000,0x00000000ec700000,0x00000000ecb00000)
  to   space 4096K, 0% used [0x00000000ec300000,0x00000000ec300000,0x00000000ec700000)
 ParOldGen       total 65536K, used 0K [0x00000000c0000000, 0x00000000c4000000, 0x00000000eab00000)
  object space 65536K, 0% used [0x00000000c0000000,0x00000000c0000000,0x00000000c4000000)
 Metaspace       used 3017K, capacity 4720K, committed 4864K, reserved 1056768K
  class space    used 319K, capacity 424K, committed 512K, reserved 1048576K

Card table byte_map: [0x0000000011f50000,0x0000000012160000] byte_map_base: 0x0000000011950000

Marking Bits: (ParMarkBitMap*) 0x000000005ee818f0
 Begin Bits: [0x00000000126c0000, 0x00000000136c0000)
 End Bits:   [0x00000000136c0000, 0x00000000146c0000)

Polling page: 0x0000000000af0000

CodeCache: size=245760Kb used=1201Kb max_used=1201Kb free=244558Kb
 bounds [0x0000000002b90000, 0x0000000002e00000, 0x0000000011b90000]
 total_blobs=309 nmethods=74 adapters=149
 compilation: enabled

Compilation events (10 events):
Event: 0.738 Thread 0x00000000152bd800 nmethod 68 0x0000000002cbacd0 code [0x0000000002cbae20, 0x0000000002cbaff0]
Event: 0.750 Thread 0x00000000152bd800   69       3       java.util.zip.ZipFile::access$400 (5 bytes)
Event: 0.750 Thread 0x00000000152bd800 nmethod 69 0x0000000002cbb090 code [0x0000000002cbb1e0, 0x0000000002cbb310]
Event: 0.754 Thread 0x00000000152bd800   71       1       java.util.zip.ZipFile::access$300 (5 bytes)
Event: 0.754 Thread 0x00000000152bd800 nmethod 71 0x0000000002cbb790 code [0x0000000002cbb8e0, 0x0000000002cbb9d0]
Event: 0.754 Thread 0x00000000152bd800   72       3       java.util.zip.ZipFile::ensureOpen (37 bytes)
Event: 0.754 Thread 0x00000000152bd800 nmethod 72 0x0000000002cbba50 code [0x0000000002cbbbe0, 0x0000000002cbbeb8]
Event: 0.754 Thread 0x00000000152bd800   73       1       java.util.zip.ZipCoder::isUTF8 (5 bytes)
Event: 0.754 Thread 0x00000000152bd800 nmethod 73 0x0000000002cbbfd0 code [0x0000000002cbc120, 0x0000000002cbc230]
Event: 0.797 Thread 0x00000000152bd800   75       3       sun.nio.cs.UTF_8$Decoder::decode (779 bytes)

GC Heap History (0 events):
No events

Deoptimization events (0 events):
No events

Internal exceptions (2 events):
Event: 0.221 Thread 0x0000000002a92800 Exception <a 'java/lang/NoSuchMethodError': Method sun.misc.Unsafe.defineClass(Ljava/lang/String;[BII)Ljava/lang/Class; name or signature does not match> (0x00000000eab07c78) thrown at [C:\src\android\AOSP-openjdk\external\jetbrains\jdk\hotspot\src\share\v)þ=7QÌ?
Event: 0.221 Thread 0x0000000002a92800 Exception <a 'java/lang/NoSuchMethodError': Method sun.misc.Unsafe.prefetchRead(Ljava/lang/Object;J)V name or signature does not match> (0x00000000eab07f60) thrown at [C:\src\android\AOSP-openjdk\external\jetbrains\jdk\hotspot\src\share\vm\prims\jni.cpp, l

Events (10 events):
Event: 0.734 loading class com/android/dx/dex/file/ClassDefsSection
Event: 0.735 loading class com/android/dx/dex/file/ClassDefsSection done
Event: 0.737 loading class com/android/dx/cf/direct/ClassPathOpener
Event: 0.737 loading class com/android/dx/cf/direct/ClassPathOpener done
Event: 0.738 loading class com/android/dx/cf/direct/ClassPathOpener$1
Event: 0.738 loading class com/android/dx/cf/direct/ClassPathOpener$1 done
Event: 0.739 loading class com/android/dx/command/dexer/Main$1
Event: 0.739 loading class com/android/dx/command/dexer/Main$1 done
Event: 0.742 loading class java/util/zip/ZipFile$ZipEntryIterator
Event: 0.743 loading class java/util/zip/ZipFile$ZipEntryIterator done


Dynamic libraries:
0x00007ff6d6ae0000 - 0x00007ff6d6b11000 	C:\Program Files\Android\Android Studio\jre\bin\java.exe
0x00007ffdf65c0000 - 0x00007ffdf67a1000 	C:\WINDOWS\SYSTEM32\ntdll.dll
0x00007ffdf6360000 - 0x00007ffdf6412000 	C:\WINDOWS\System32\KERNEL32.DLL
0x00007ffdf2b30000 - 0x00007ffdf2da3000 	C:\WINDOWS\System32\KERNELBASE.dll
0x00007ffdf4760000 - 0x00007ffdf4801000 	C:\WINDOWS\System32\ADVAPI32.dll
0x00007ffdf48b0000 - 0x00007ffdf494e000 	C:\WINDOWS\System32\msvcrt.dll
0x00007ffdf41d0000 - 0x00007ffdf422b000 	C:\WINDOWS\System32\sechost.dll
0x00007ffdf4950000 - 0x00007ffdf4a74000 	C:\WINDOWS\System32\RPCRT4.dll
0x00007ffdf3ea0000 - 0x00007ffdf4030000 	C:\WINDOWS\System32\USER32.dll
0x00007ffdf2f20000 - 0x00007ffdf2f40000 	C:\WINDOWS\System32\win32u.dll
0x00007ffdf4290000 - 0x00007ffdf42b8000 	C:\WINDOWS\System32\GDI32.dll
0x00007ffdf2990000 - 0x00007ffdf2b22000 	C:\WINDOWS\System32\gdi32full.dll
0x00007ffdf2db0000 - 0x00007ffdf2e4f000 	C:\WINDOWS\System32\msvcp_win.dll
0x00007ffdf3700000 - 0x00007ffdf37fa000 	C:\WINDOWS\System32\ucrtbase.dll
0x00007ffde90f0000 - 0x00007ffde9359000 	C:\WINDOWS\WinSxS\amd64_microsoft.windows.common-controls_6595b64144ccf1df_6.0.17134.112_none_fb3f961b30681c12\COMCTL32.dll
0x00007ffdf4430000 - 0x00007ffdf4753000 	C:\WINDOWS\System32\combase.dll
0x00007ffdf2e50000 - 0x00007ffdf2eca000 	C:\WINDOWS\System32\bcryptPrimitives.dll
0x00007ffdf4d40000 - 0x00007ffdf4d6d000 	C:\WINDOWS\System32\IMM32.DLL
0x000000005e5e0000 - 0x000000005e6b2000 	C:\Program Files\Android\Android Studio\jre\jre\bin\msvcr100.dll
0x000000005e6c0000 - 0x000000005eefc000 	C:\Program Files\Android\Android Studio\jre\jre\bin\server\jvm.dll
0x00007ffdf6480000 - 0x00007ffdf6488000 	C:\WINDOWS\System32\PSAPI.DLL
0x00007ffde38c0000 - 0x00007ffde38e3000 	C:\WINDOWS\SYSTEM32\WINMM.dll
0x00007ffde9bc0000 - 0x00007ffde9bca000 	C:\WINDOWS\SYSTEM32\VERSION.dll
0x00007ffdf1380000 - 0x00007ffdf1389000 	C:\WINDOWS\SYSTEM32\WSOCK32.dll
0x00007ffdf4cd0000 - 0x00007ffdf4d3c000 	C:\WINDOWS\System32\WS2_32.dll
0x00007ffde3890000 - 0x00007ffde38ba000 	C:\WINDOWS\SYSTEM32\winmmbase.dll
0x00007ffdf2ed0000 - 0x00007ffdf2f19000 	C:\WINDOWS\System32\cfgmgr32.dll
0x00007ffdee340000 - 0x00007ffdee34f000 	C:\Program Files\Android\Android Studio\jre\jre\bin\verify.dll
0x00007ffde21c0000 - 0x00007ffde21e9000 	C:\Program Files\Android\Android Studio\jre\jre\bin\java.dll
0x00007ffde7d60000 - 0x00007ffde7d76000 	C:\Program Files\Android\Android Studio\jre\jre\bin\zip.dll
0x00007ffdf4e70000 - 0x00007ffdf62b0000 	C:\WINDOWS\System32\SHELL32.dll
0x00007ffdf62b0000 - 0x00007ffdf6359000 	C:\WINDOWS\System32\shcore.dll
0x00007ffdf2ff0000 - 0x00007ffdf36fd000 	C:\WINDOWS\System32\windows.storage.dll
0x00007ffdf6420000 - 0x00007ffdf6471000 	C:\WINDOWS\System32\shlwapi.dll
0x00007ffdf2950000 - 0x00007ffdf2961000 	C:\WINDOWS\System32\kernel.appcore.dll
0x00007ffdf2930000 - 0x00007ffdf294f000 	C:\WINDOWS\System32\profapi.dll
0x00007ffdf28d0000 - 0x00007ffdf291c000 	C:\WINDOWS\System32\powrprof.dll
0x00007ffdf2920000 - 0x00007ffdf292a000 	C:\WINDOWS\System32\FLTLIB.DLL

VM Arguments:
jvm_args: -Djava.awt.headless=true -Xmx1024M -Dfile.encoding=windows-1252 -Duser.country=US -Duser.language=en -Duser.variant 
java_command: com.android.dx.command.Main --dex --output C:\Users\auste\AndroidStudioProjects\BlunoBasicDemo1\app\build\intermediates\pre-dexed\debug\com.android.support-appcompat-v7-21.0.3_b5c21945b909ca65b8393c70df8182185a4b6d5c.jar C:\Users\auste\AndroidStudioProjects\BlunoBasicDemo1\app\build\intermediates\exploded-aar\com.android.support\appcompat-v7\21.0.3\jars\classes.jar
java_class_path (initial): C:\Users\auste\AppData\Local\Android\sdk\build-tools\21.1.2\lib\dx.jar
Launcher Type: SUN_STANDARD

Environment Variables:
PATH=C:\WINDOWS;C:\WINDOWS;C:\WINDOWS;C:\WINDOWS;C:\WINDOWS;C:\WINDOWS;C:\WINDOWS;C:\WINDOWS;C:\WINDOWS;C:\WINDOWS;C:\WINDOWS;C:\WINDOWS;C:\WINDOWS;C:\WINDOWS;C:\WINDOWS;C:\WINDOWS;C:\WINDOWS;C:\ProgramData\Oracle\Java\javapath;C:\Program Files (x86)\Intel\iCLS Client\;C:\Program Files\Intel\iCLS Client\;C:\WINDOWS\system32;C:\WINDOWS;C:\WINDOWS\System32\Wbem;C:\WINDOWS\System32\WindowsPowerShell\v1.0\;C:\Program Files (x86)\Intel\Intel(R) Management Engine Components\DAL;C:\Program Files\Intel\Intel(R) Management Engine Components\DAL;C:\Program Files (x86)\Intel\Intel(R) Management Engine Components\IPT;C:\Program Files\Intel\Intel(R) Management Engine Components\IPT;C:\Program Files\MATLAB\R2017b\bin;C:\Program Files\MATLAB\R2016b\bin;C:\Program Files\PuTTY\;C:\Program Files\Git\cmd;C:\Python27\python;C:\Program Files (x86)\Black Ice Software LLC\Black Ice Tiff Viewer\;C:\Program Files (x86)\Nordic Semiconductor\nrf5x\bin\;C:\WINDOWS\System32\OpenSSH\;C:\Users\auste\AppData\Local\Microsoft\WindowsApps;
USERNAME=auste
OS=Windows_NT
PROCESSOR_IDENTIFIER=Intel64 Family 6 Model 61 Stepping 4, GenuineIntel



---------------  S Y S T E M  ---------------

OS: Windows 10.0 , 64 bit Build 17134 (10.0.17134.1)

CPU:total 4 (2 cores per cpu, 2 threads per core) family 6 model 61 stepping 4, cmov, cx8, fxsr, mmx, sse, sse2, sse3, ssse3, sse4.1, sse4.2, popcnt, avx, avx2, aes, clmul, erms, 3dnowpref, lzcnt, ht, tsc, tscinvbit, bmi1, bmi2, adx

Memory: 4k page, physical 6192244k(838668k free), swap 25066612k(2248k free)

vm_info: OpenJDK 64-Bit Server VM (25.112-b06) for windows-amd64 JRE (1.8.0_112-release-b06), built on Dec  8 2016 00:54:26 by "builder" with MS VC++ 10.0 (VS2010)

time: Thu Jun 21 12:55:11 2018
elapsed time: 0 seconds (0d 0h 0m 0s)

